Training configs: Namespace(INN=1, batch_size=8, dataset='PEMS08', decay_rate=0.5, device='cuda:0', dilation=1, dropout_rate=0.5, early_stop=False, epoch=60, evaluate=False, exponential_decay_step=5, finetune=False, head_size=16, hidden_size=1, horizon=12, input_dim=170, kernel=3, leakyrelu_rate=0.2, lr=0.001, lradj=1, multi_layer=5, norm_method='z_score', num_stacks=1, optimizer='N', share_weight=0, temp=0, test_length=2, train=True, train_length=6, valid_length=2, validate_freq=1, window_size=12)
level number 3, level details: [[1, 1], [0, 0], [0, 0]]
Parameters of need to grad is:7.689946 M
[INFO] Register count_convNd() for <class 'torch.nn.modules.conv.Conv2d'>.
[91m[WARN] Cannot find rule for <class 'torch.nn.modules.normalization.LayerNorm'>. Treat it as zero Macs and zero Params.[00m
[91m[WARN] Cannot find rule for <class 'torch.nn.modules.loss.SmoothL1Loss'>. Treat it as zero Macs and zero Params.[00m
[91m[WARN] Cannot find rule for <class 'models.StackTWaveNetTransformerEncoder.Splitting'>. Treat it as zero Macs and zero Params.[00m
[91m[WARN] Cannot find rule for <class 'torch.nn.modules.padding.ReplicationPad1d'>. Treat it as zero Macs and zero Params.[00m
[INFO] Register count_convNd() for <class 'torch.nn.modules.conv.Conv1d'>.
[INFO] Register count_relu() for <class 'torch.nn.modules.activation.LeakyReLU'>.
[INFO] Register zero_ops() for <class 'torch.nn.modules.dropout.Dropout'>.
[91m[WARN] Cannot find rule for <class 'torch.nn.modules.activation.Tanh'>. Treat it as zero Macs and zero Params.[00m
[91m[WARN] Cannot find rule for <class 'torch.nn.modules.container.Sequential'>. Treat it as zero Macs and zero Params.[00m
[91m[WARN] Cannot find rule for <class 'models.StackTWaveNetTransformerEncoder.LiftingScheme'>. Treat it as zero Macs and zero Params.[00m
[91m[WARN] Cannot find rule for <class 'models.StackTWaveNetTransformerEncoder.LiftingSchemeLevel'>. Treat it as zero Macs and zero Params.[00m
[INFO] Register count_bn() for <class 'torch.nn.modules.batchnorm.BatchNorm1d'>.
[INFO] Register zero_ops() for <class 'torch.nn.modules.activation.ReLU'>.
[91m[WARN] Cannot find rule for <class 'models.StackTWaveNetTransformerEncoder.BottleneckBlock'>. Treat it as zero Macs and zero Params.[00m
[91m[WARN] Cannot find rule for <class 'models.StackTWaveNetTransformerEncoder.LevelWASN'>. Treat it as zero Macs and zero Params.[00m
[91m[WARN] Cannot find rule for <class 'torch.nn.modules.container.ModuleList'>. Treat it as zero Macs and zero Params.[00m
[91m[WARN] Cannot find rule for <class 'models.StackTWaveNetTransformerEncoder.EncoderTree'>. Treat it as zero Macs and zero Params.[00m
[INFO] Register count_linear() for <class 'torch.nn.modules.linear.Linear'>.
[INFO] Register count_adap_avgpool() for <class 'torch.nn.modules.pooling.AdaptiveAvgPool1d'>.
[91m[WARN] Cannot find rule for <class 'models.StackTWaveNetTransformerEncoder.WASN'>. Treat it as zero Macs and zero Params.[00m
MACs: 234.453M, Parameters: 4.172M
Total Trainable Params: 7689946
Updating learning rate to 0.0010526315789473684
| end of epoch   0 | time: 117.19s | train_total_loss 0.4598, loss_F 0.2179, loss_M 0.2419  
------ validate on data: VALIDATE ------
RAW : MAE   18.86; RMSE   29.53.
RAW-Mid : MAE   19.40; RMSE   30.11.
RAW : MAE   17.65; RMSE   27.07.
RAW-Mid : MAE   18.67; RMSE   28.48.
got best validation result: {'mae': 18.858226661405798, 'rmse': 29.528365508187047} {'mae': 17.650183141213148, 'rmse': 27.068523630843032}
Updating learning rate to 0.001
| end of epoch   1 | time: 111.58s | train_total_loss 0.3631, loss_F 0.1782, loss_M 0.1849  
------ validate on data: VALIDATE ------
RAW : MAE   18.00; RMSE   28.44.
RAW-Mid : MAE   18.13; RMSE   28.50.
RAW : MAE   17.08; RMSE   26.36.
RAW-Mid : MAE   17.51; RMSE   27.05.
got best validation result: {'mae': 18.0033515459748, 'rmse': 28.443987000982638} {'mae': 17.081786796333436, 'rmse': 26.359043163145333}
Updating learning rate to 0.001
| end of epoch   2 | time: 128.85s | train_total_loss 0.3528, loss_F 0.1732, loss_M 0.1796  
------ validate on data: VALIDATE ------
RAW : MAE   18.14; RMSE   28.64.
RAW-Mid : MAE   18.17; RMSE   28.56.
RAW : MAE   17.14; RMSE   26.39.
RAW-Mid : MAE   17.55; RMSE   27.02.
Updating learning rate to 0.001
| end of epoch   3 | time: 116.90s | train_total_loss 0.3472, loss_F 0.1702, loss_M 0.1770  
------ validate on data: VALIDATE ------
RAW : MAE   17.48; RMSE   27.85.
RAW-Mid : MAE   17.99; RMSE   28.40.
RAW : MAE   16.74; RMSE   25.90.
RAW-Mid : MAE   17.49; RMSE   26.95.
got best validation result: {'mae': 17.48030121995758, 'rmse': 27.84671318895764} {'mae': 16.74382630698843, 'rmse': 25.897140398485057}
Updating learning rate to 0.001
| end of epoch   4 | time: 119.26s | train_total_loss 0.3446, loss_F 0.1687, loss_M 0.1759  
------ validate on data: VALIDATE ------
RAW : MAE   17.87; RMSE   28.44.
RAW-Mid : MAE   18.26; RMSE   28.91.
RAW : MAE   16.94; RMSE   26.26.
RAW-Mid : MAE   17.64; RMSE   27.28.
Updating learning rate to 0.001
| end of epoch   5 | time: 119.95s | train_total_loss 0.3419, loss_F 0.1673, loss_M 0.1745  
------ validate on data: VALIDATE ------
RAW : MAE   17.84; RMSE   28.22.
RAW-Mid : MAE   17.99; RMSE   28.29.
RAW : MAE   17.03; RMSE   25.94.
RAW-Mid : MAE   17.53; RMSE   26.69.
Updating learning rate to 0.00095
| end of epoch   6 | time: 115.62s | train_total_loss 0.3401, loss_F 0.1664, loss_M 0.1737  
------ validate on data: VALIDATE ------
RAW : MAE   17.50; RMSE   28.08.
RAW-Mid : MAE   17.83; RMSE   28.31.
RAW : MAE   16.50; RMSE   25.65.
RAW-Mid : MAE   17.08; RMSE   26.40.
Updating learning rate to 0.00095
| end of epoch   7 | time: 115.07s | train_total_loss 0.3382, loss_F 0.1652, loss_M 0.1730  
------ validate on data: VALIDATE ------
RAW : MAE   18.03; RMSE   28.52.
RAW-Mid : MAE   18.13; RMSE   28.63.
RAW : MAE   17.06; RMSE   26.36.
RAW-Mid : MAE   17.41; RMSE   26.84.
Updating learning rate to 0.00095
| end of epoch   8 | time: 117.12s | train_total_loss 0.3377, loss_F 0.1650, loss_M 0.1727  
------ validate on data: VALIDATE ------
RAW : MAE   17.58; RMSE   28.14.
RAW-Mid : MAE   17.97; RMSE   28.61.
RAW : MAE   16.63; RMSE   25.82.
RAW-Mid : MAE   17.31; RMSE   26.73.
Updating learning rate to 0.00095
| end of epoch   9 | time: 118.30s | train_total_loss 0.3361, loss_F 0.1641, loss_M 0.1720  
------ validate on data: VALIDATE ------
RAW : MAE   17.26; RMSE   27.60.
RAW-Mid : MAE   17.57; RMSE   28.02.
RAW : MAE   16.54; RMSE   25.65.
RAW-Mid : MAE   17.06; RMSE   26.36.
got best validation result: {'mae': 17.259486180323687, 'rmse': 27.59558072547789} {'mae': 16.536796530518846, 'rmse': 25.65142779714294}
Updating learning rate to 0.00095
| end of epoch  10 | time: 118.71s | train_total_loss 0.3358, loss_F 0.1639, loss_M 0.1720  
------ validate on data: VALIDATE ------
RAW : MAE   17.58; RMSE   28.08.
RAW-Mid : MAE   17.78; RMSE   28.30.
RAW : MAE   16.81; RMSE   25.90.
RAW-Mid : MAE   17.16; RMSE   26.50.
Updating learning rate to 0.0009025
| end of epoch  11 | time: 121.16s | train_total_loss 0.3341, loss_F 0.1630, loss_M 0.1711  
------ validate on data: VALIDATE ------
RAW : MAE   17.62; RMSE   28.14.
RAW-Mid : MAE   17.85; RMSE   28.45.
RAW : MAE   16.50; RMSE   25.76.
RAW-Mid : MAE   17.08; RMSE   26.49.
Updating learning rate to 0.0009025
| end of epoch  12 | time: 120.26s | train_total_loss 0.3330, loss_F 0.1624, loss_M 0.1706  
------ validate on data: VALIDATE ------
RAW : MAE   18.05; RMSE   28.55.
RAW-Mid : MAE   18.13; RMSE   28.65.
RAW : MAE   16.94; RMSE   26.09.
RAW-Mid : MAE   17.41; RMSE   26.81.
Updating learning rate to 0.0009025
| end of epoch  13 | time: 118.40s | train_total_loss 0.3325, loss_F 0.1622, loss_M 0.1704  
------ validate on data: VALIDATE ------
RAW : MAE   17.41; RMSE   27.87.
RAW-Mid : MAE   17.62; RMSE   28.18.
RAW : MAE   16.60; RMSE   25.66.
RAW-Mid : MAE   17.05; RMSE   26.41.
Updating learning rate to 0.0009025
| end of epoch  14 | time: 115.91s | train_total_loss 0.3328, loss_F 0.1623, loss_M 0.1705  
------ validate on data: VALIDATE ------
RAW : MAE   17.62; RMSE   28.20.
RAW-Mid : MAE   17.74; RMSE   28.26.
RAW : MAE   16.64; RMSE   25.77.
RAW-Mid : MAE   17.09; RMSE   26.44.
Updating learning rate to 0.0009025
| end of epoch  15 | time: 115.10s | train_total_loss 0.3313, loss_F 0.1615, loss_M 0.1698  
------ validate on data: VALIDATE ------
RAW : MAE   17.52; RMSE   28.04.
RAW-Mid : MAE   17.65; RMSE   28.15.
RAW : MAE   16.68; RMSE   25.82.
RAW-Mid : MAE   17.01; RMSE   26.36.
Updating learning rate to 0.000857375
| end of epoch  16 | time: 117.36s | train_total_loss 0.3305, loss_F 0.1611, loss_M 0.1694  
------ validate on data: VALIDATE ------
RAW : MAE   17.56; RMSE   28.13.
RAW-Mid : MAE   17.91; RMSE   28.45.
RAW : MAE   16.70; RMSE   25.86.
RAW-Mid : MAE   17.15; RMSE   26.50.
Updating learning rate to 0.000857375
| end of epoch  17 | time: 119.96s | train_total_loss 0.3299, loss_F 0.1607, loss_M 0.1692  
------ validate on data: VALIDATE ------
RAW : MAE   17.50; RMSE   28.04.
RAW-Mid : MAE   17.66; RMSE   28.19.
RAW : MAE   16.53; RMSE   25.72.
RAW-Mid : MAE   16.93; RMSE   26.30.
Updating learning rate to 0.000857375
| end of epoch  18 | time: 120.65s | train_total_loss 0.3298, loss_F 0.1607, loss_M 0.1691  
------ validate on data: VALIDATE ------
RAW : MAE   17.53; RMSE   28.13.
RAW-Mid : MAE   17.77; RMSE   28.33.
RAW : MAE   16.43; RMSE   25.58.
RAW-Mid : MAE   16.95; RMSE   26.24.
Updating learning rate to 0.000857375
| end of epoch  19 | time: 118.82s | train_total_loss 0.3294, loss_F 0.1605, loss_M 0.1689  
------ validate on data: VALIDATE ------
RAW : MAE   17.98; RMSE   28.78.
RAW-Mid : MAE   18.27; RMSE   29.04.
RAW : MAE   16.88; RMSE   26.28.
RAW-Mid : MAE   17.39; RMSE   26.93.
Updating learning rate to 0.000857375
| end of epoch  20 | time: 123.33s | train_total_loss 0.3289, loss_F 0.1602, loss_M 0.1688  
------ validate on data: VALIDATE ------
RAW : MAE   17.63; RMSE   28.21.
RAW-Mid : MAE   17.78; RMSE   28.31.
RAW : MAE   16.58; RMSE   25.71.
RAW-Mid : MAE   16.98; RMSE   26.35.
Updating learning rate to 0.0008145062499999999
| end of epoch  21 | time: 124.89s | train_total_loss 0.3282, loss_F 0.1598, loss_M 0.1685  
------ validate on data: VALIDATE ------
RAW : MAE   17.34; RMSE   27.88.
RAW-Mid : MAE   17.70; RMSE   28.33.
RAW : MAE   16.35; RMSE   25.38.
RAW-Mid : MAE   16.90; RMSE   26.22.
Updating learning rate to 0.0008145062499999999
| end of epoch  22 | time: 121.49s | train_total_loss 0.3280, loss_F 0.1597, loss_M 0.1683  
------ validate on data: VALIDATE ------
RAW : MAE   17.61; RMSE   28.21.
RAW-Mid : MAE   17.66; RMSE   28.28.
RAW : MAE   16.42; RMSE   25.55.
RAW-Mid : MAE   16.81; RMSE   26.16.
Updating learning rate to 0.0008145062499999999
| end of epoch  23 | time: 121.67s | train_total_loss 0.3278, loss_F 0.1596, loss_M 0.1682  
------ validate on data: VALIDATE ------
RAW : MAE   17.89; RMSE   28.46.
RAW-Mid : MAE   18.20; RMSE   29.00.
RAW : MAE   16.71; RMSE   25.92.
RAW-Mid : MAE   17.25; RMSE   26.74.
Updating learning rate to 0.0008145062499999999
| end of epoch  24 | time: 120.35s | train_total_loss 0.3273, loss_F 0.1593, loss_M 0.1680  
------ validate on data: VALIDATE ------
RAW : MAE   17.65; RMSE   28.34.
RAW-Mid : MAE   17.81; RMSE   28.55.
RAW : MAE   16.41; RMSE   25.58.
RAW-Mid : MAE   16.78; RMSE   26.14.
Updating learning rate to 0.0008145062499999999
| end of epoch  25 | time: 119.12s | train_total_loss 0.3259, loss_F 0.1587, loss_M 0.1672  
------ validate on data: VALIDATE ------
RAW : MAE   18.13; RMSE   29.00.
RAW-Mid : MAE   18.12; RMSE   28.88.
RAW : MAE   16.84; RMSE   25.88.
RAW-Mid : MAE   17.15; RMSE   26.58.
Updating learning rate to 0.0007737809374999998
| end of epoch  26 | time: 115.64s | train_total_loss 0.3257, loss_F 0.1585, loss_M 0.1672  
------ validate on data: VALIDATE ------
RAW : MAE   17.81; RMSE   28.59.
RAW-Mid : MAE   17.97; RMSE   28.68.
RAW : MAE   16.60; RMSE   25.77.
RAW-Mid : MAE   17.02; RMSE   26.36.
Updating learning rate to 0.0007737809374999998
| end of epoch  27 | time: 115.53s | train_total_loss 0.3256, loss_F 0.1584, loss_M 0.1671  
------ validate on data: VALIDATE ------
RAW : MAE   18.55; RMSE   29.64.
RAW-Mid : MAE   18.36; RMSE   29.27.
RAW : MAE   16.94; RMSE   26.18.
RAW-Mid : MAE   17.12; RMSE   26.51.
Updating learning rate to 0.0007737809374999998
| end of epoch  28 | time: 120.19s | train_total_loss 0.3249, loss_F 0.1581, loss_M 0.1668  
------ validate on data: VALIDATE ------
RAW : MAE   18.08; RMSE   28.96.
RAW-Mid : MAE   17.98; RMSE   28.73.
RAW : MAE   16.67; RMSE   25.86.
RAW-Mid : MAE   16.98; RMSE   26.34.
Updating learning rate to 0.0007737809374999998
| end of epoch  29 | time: 112.78s | train_total_loss 0.3252, loss_F 0.1583, loss_M 0.1669  
------ validate on data: VALIDATE ------
RAW : MAE   18.39; RMSE   29.50.
RAW-Mid : MAE   18.17; RMSE   29.11.
RAW : MAE   16.87; RMSE   26.18.
RAW-Mid : MAE   17.05; RMSE   26.45.
Updating learning rate to 0.0007737809374999998
| end of epoch  30 | time: 119.37s | train_total_loss 0.3251, loss_F 0.1583, loss_M 0.1668  
------ validate on data: VALIDATE ------
RAW : MAE   18.69; RMSE   29.82.
RAW-Mid : MAE   18.59; RMSE   29.60.
RAW : MAE   17.19; RMSE   26.39.
RAW-Mid : MAE   17.41; RMSE   26.87.
Updating learning rate to 0.0007350918906249999
| end of epoch  31 | time: 117.96s | train_total_loss 0.3237, loss_F 0.1576, loss_M 0.1662  
------ validate on data: VALIDATE ------
RAW : MAE   18.16; RMSE   29.28.
RAW-Mid : MAE   18.15; RMSE   29.19.
RAW : MAE   16.83; RMSE   25.93.
RAW-Mid : MAE   17.18; RMSE   26.57.
Updating learning rate to 0.0007350918906249999
| end of epoch  32 | time: 116.34s | train_total_loss 0.3237, loss_F 0.1575, loss_M 0.1662  
------ validate on data: VALIDATE ------
RAW : MAE   17.90; RMSE   28.78.
RAW-Mid : MAE   18.08; RMSE   28.97.
RAW : MAE   16.57; RMSE   25.85.
RAW-Mid : MAE   16.99; RMSE   26.52.
Updating learning rate to 0.0007350918906249999
| end of epoch  33 | time: 115.52s | train_total_loss 0.3238, loss_F 0.1576, loss_M 0.1662  
------ validate on data: VALIDATE ------
RAW : MAE   18.05; RMSE   29.00.
RAW-Mid : MAE   17.93; RMSE   28.67.
RAW : MAE   16.76; RMSE   25.99.
RAW-Mid : MAE   16.97; RMSE   26.40.
Updating learning rate to 0.0007350918906249999
| end of epoch  34 | time: 117.18s | train_total_loss 0.3235, loss_F 0.1573, loss_M 0.1662  
------ validate on data: VALIDATE ------
RAW : MAE   18.06; RMSE   29.05.
RAW-Mid : MAE   18.13; RMSE   29.06.
RAW : MAE   16.63; RMSE   25.88.
RAW-Mid : MAE   16.93; RMSE   26.27.
Updating learning rate to 0.0007350918906249999
| end of epoch  35 | time: 127.95s | train_total_loss 0.3232, loss_F 0.1572, loss_M 0.1660  
------ validate on data: VALIDATE ------
RAW : MAE   17.98; RMSE   28.87.
RAW-Mid : MAE   18.03; RMSE   28.84.
RAW : MAE   16.60; RMSE   25.82.
RAW-Mid : MAE   16.96; RMSE   26.41.
Updating learning rate to 0.0006983372960937497
| end of epoch  36 | time: 116.18s | train_total_loss 0.3221, loss_F 0.1567, loss_M 0.1654  
------ validate on data: VALIDATE ------
RAW : MAE   18.06; RMSE   29.09.
RAW-Mid : MAE   18.13; RMSE   29.13.
RAW : MAE   16.85; RMSE   26.24.
RAW-Mid : MAE   17.03; RMSE   26.58.
Updating learning rate to 0.0006983372960937497
| end of epoch  37 | time: 117.18s | train_total_loss 0.3223, loss_F 0.1568, loss_M 0.1655  
------ validate on data: VALIDATE ------
RAW : MAE   18.04; RMSE   29.15.
RAW-Mid : MAE   18.33; RMSE   29.38.
RAW : MAE   16.85; RMSE   26.16.
RAW-Mid : MAE   17.21; RMSE   26.74.
Updating learning rate to 0.0006983372960937497
| end of epoch  38 | time: 116.82s | train_total_loss 0.3218, loss_F 0.1565, loss_M 0.1653  
------ validate on data: VALIDATE ------
RAW : MAE   18.28; RMSE   29.50.
RAW-Mid : MAE   18.45; RMSE   29.64.
RAW : MAE   17.00; RMSE   26.34.
RAW-Mid : MAE   17.32; RMSE   26.99.
Updating learning rate to 0.0006983372960937497
| end of epoch  39 | time: 126.52s | train_total_loss 0.3220, loss_F 0.1567, loss_M 0.1653  
------ validate on data: VALIDATE ------
RAW : MAE   17.97; RMSE   29.04.
RAW-Mid : MAE   18.28; RMSE   29.36.
RAW : MAE   16.65; RMSE   25.91.
RAW-Mid : MAE   17.02; RMSE   26.59.
Updating learning rate to 0.0006983372960937497
| end of epoch  40 | time: 117.34s | train_total_loss 0.3216, loss_F 0.1564, loss_M 0.1652  
------ validate on data: VALIDATE ------
RAW : MAE   18.39; RMSE   29.69.
RAW-Mid : MAE   18.60; RMSE   29.79.
RAW : MAE   16.98; RMSE   26.23.
RAW-Mid : MAE   17.43; RMSE   26.95.
Updating learning rate to 0.0006634204312890623
| end of epoch  41 | time: 121.17s | train_total_loss 0.3210, loss_F 0.1562, loss_M 0.1648  
------ validate on data: VALIDATE ------
RAW : MAE   18.55; RMSE   29.78.
RAW-Mid : MAE   18.45; RMSE   29.51.
RAW : MAE   17.09; RMSE   26.42.
RAW-Mid : MAE   17.35; RMSE   26.91.
Updating learning rate to 0.0006634204312890623
| end of epoch  42 | time: 114.30s | train_total_loss 0.3208, loss_F 0.1561, loss_M 0.1647  
------ validate on data: VALIDATE ------
RAW : MAE   18.30; RMSE   29.49.
RAW-Mid : MAE   18.40; RMSE   29.60.
RAW : MAE   17.07; RMSE   26.19.
RAW-Mid : MAE   17.24; RMSE   26.65.
Updating learning rate to 0.0006634204312890623
| end of epoch  43 | time: 151.46s | train_total_loss 0.3207, loss_F 0.1560, loss_M 0.1647  
------ validate on data: VALIDATE ------
RAW : MAE   18.21; RMSE   29.26.
RAW-Mid : MAE   18.15; RMSE   29.16.
RAW : MAE   16.79; RMSE   26.04.
RAW-Mid : MAE   17.03; RMSE   26.55.
Updating learning rate to 0.0006634204312890623
| end of epoch  44 | time: 115.80s | train_total_loss 0.3206, loss_F 0.1559, loss_M 0.1647  
------ validate on data: VALIDATE ------
RAW : MAE   18.25; RMSE   29.32.
RAW-Mid : MAE   18.27; RMSE   29.30.
RAW : MAE   16.93; RMSE   26.14.
RAW-Mid : MAE   17.17; RMSE   26.63.
Updating learning rate to 0.0006634204312890623
| end of epoch  45 | time: 117.27s | train_total_loss 0.3204, loss_F 0.1558, loss_M 0.1646  
------ validate on data: VALIDATE ------
RAW : MAE   18.07; RMSE   29.08.
RAW-Mid : MAE   18.28; RMSE   29.42.
RAW : MAE   16.63; RMSE   25.86.
RAW-Mid : MAE   17.05; RMSE   26.53.
Updating learning rate to 0.0006302494097246091
| end of epoch  46 | time: 117.90s | train_total_loss 0.3199, loss_F 0.1555, loss_M 0.1643  
------ validate on data: VALIDATE ------
RAW : MAE   18.20; RMSE   29.41.
RAW-Mid : MAE   18.33; RMSE   29.52.
RAW : MAE   16.96; RMSE   26.32.
RAW-Mid : MAE   17.26; RMSE   26.75.
Updating learning rate to 0.0006302494097246091
| end of epoch  47 | time: 120.55s | train_total_loss 0.3195, loss_F 0.1553, loss_M 0.1642  
------ validate on data: VALIDATE ------
RAW : MAE   18.26; RMSE   29.55.
RAW-Mid : MAE   18.49; RMSE   29.98.
RAW : MAE   16.70; RMSE   26.00.
RAW-Mid : MAE   17.17; RMSE   26.73.
Updating learning rate to 0.0006302494097246091
| end of epoch  48 | time: 117.68s | train_total_loss 0.3190, loss_F 0.1551, loss_M 0.1639  
------ validate on data: VALIDATE ------
RAW : MAE   18.50; RMSE   29.97.
RAW-Mid : MAE   18.51; RMSE   29.78.
RAW : MAE   16.97; RMSE   26.28.
RAW-Mid : MAE   17.24; RMSE   26.78.
Updating learning rate to 0.0006302494097246091
| end of epoch  49 | time: 122.77s | train_total_loss 0.3191, loss_F 0.1551, loss_M 0.1640  
------ validate on data: VALIDATE ------
RAW : MAE   18.10; RMSE   29.16.
RAW-Mid : MAE   18.39; RMSE   29.50.
RAW : MAE   16.76; RMSE   26.03.
RAW-Mid : MAE   17.22; RMSE   26.79.
Updating learning rate to 0.0006302494097246091
| end of epoch  50 | time: 117.29s | train_total_loss 0.3190, loss_F 0.1551, loss_M 0.1639  
------ validate on data: VALIDATE ------
RAW : MAE   18.76; RMSE   30.04.
RAW-Mid : MAE   18.80; RMSE   30.19.
RAW : MAE   17.14; RMSE   26.49.
RAW-Mid : MAE   17.53; RMSE   27.19.
Updating learning rate to 0.0005987369392383787
| end of epoch  51 | time: 118.13s | train_total_loss 0.3182, loss_F 0.1547, loss_M 0.1635  
------ validate on data: VALIDATE ------
RAW : MAE   18.00; RMSE   29.09.
RAW-Mid : MAE   18.19; RMSE   29.24.
RAW : MAE   16.69; RMSE   25.99.
RAW-Mid : MAE   17.12; RMSE   26.77.
Updating learning rate to 0.0005987369392383787
| end of epoch  52 | time: 115.31s | train_total_loss 0.3183, loss_F 0.1547, loss_M 0.1636  
------ validate on data: VALIDATE ------
RAW : MAE   18.51; RMSE   29.84.
RAW-Mid : MAE   18.40; RMSE   29.60.
RAW : MAE   17.26; RMSE   26.50.
RAW-Mid : MAE   17.35; RMSE   26.81.
Updating learning rate to 0.0005987369392383787
| end of epoch  53 | time: 118.36s | train_total_loss 0.3180, loss_F 0.1545, loss_M 0.1635  
------ validate on data: VALIDATE ------
RAW : MAE   18.25; RMSE   29.62.
RAW-Mid : MAE   18.49; RMSE   30.02.
RAW : MAE   16.80; RMSE   26.16.
RAW-Mid : MAE   17.38; RMSE   27.13.
Updating learning rate to 0.0005987369392383787
| end of epoch  54 | time: 124.48s | train_total_loss 0.3181, loss_F 0.1546, loss_M 0.1636  
------ validate on data: VALIDATE ------
RAW : MAE   18.23; RMSE   29.48.
RAW-Mid : MAE   18.30; RMSE   29.45.
RAW : MAE   16.89; RMSE   26.23.
RAW-Mid : MAE   17.21; RMSE   26.80.
Updating learning rate to 0.0005987369392383787
| end of epoch  55 | time: 118.32s | train_total_loss 0.3176, loss_F 0.1543, loss_M 0.1633  
------ validate on data: VALIDATE ------
RAW : MAE   18.48; RMSE   29.87.
RAW-Mid : MAE   18.49; RMSE   29.71.
RAW : MAE   16.97; RMSE   26.28.
RAW-Mid : MAE   17.26; RMSE   26.85.
Updating learning rate to 0.0005688000922764596
| end of epoch  56 | time: 123.17s | train_total_loss 0.3173, loss_F 0.1542, loss_M 0.1631  
------ validate on data: VALIDATE ------
RAW : MAE   18.55; RMSE   29.97.
RAW-Mid : MAE   18.40; RMSE   29.71.
RAW : MAE   17.04; RMSE   26.49.
RAW-Mid : MAE   17.29; RMSE   26.88.
Updating learning rate to 0.0005688000922764596
| end of epoch  57 | time: 116.57s | train_total_loss 0.3172, loss_F 0.1541, loss_M 0.1631  
------ validate on data: VALIDATE ------
RAW : MAE   18.21; RMSE   29.59.
RAW-Mid : MAE   18.31; RMSE   29.52.
RAW : MAE   16.67; RMSE   25.97.
RAW-Mid : MAE   17.03; RMSE   26.63.
Updating learning rate to 0.0005688000922764596
| end of epoch  58 | time: 116.75s | train_total_loss 0.3168, loss_F 0.1539, loss_M 0.1628  
------ validate on data: VALIDATE ------
RAW : MAE   18.51; RMSE   29.85.
RAW-Mid : MAE   18.48; RMSE   29.84.
RAW : MAE   16.95; RMSE   26.30.
RAW-Mid : MAE   17.28; RMSE   27.03.
Updating learning rate to 0.0005688000922764596
| end of epoch  59 | time: 113.93s | train_total_loss 0.3168, loss_F 0.1540, loss_M 0.1628  
------ validate on data: VALIDATE ------
RAW : MAE   18.58; RMSE   29.82.
RAW-Mid : MAE   18.34; RMSE   29.33.
RAW : MAE   17.02; RMSE   26.36.
RAW-Mid : MAE   17.19; RMSE   26.77.
Training took 140.229353984197 minutes
