Training configs: Namespace(INN=1, batch_size=8, dataset='PEMS08', decay_rate=0.5, device='cuda:0', dilation=1, dropout_rate=0.5, early_stop=False, epoch=60, evaluate=False, exponential_decay_step=5, finetune=False, head_size=16, hidden_size=1, horizon=12, input_dim=170, kernel=3, leakyrelu_rate=0.2, lr=0.001, lradj=1, multi_layer=5, norm_method='z_score', num_stacks=1, optimizer='N', share_weight=0, temp=0, test_length=2, train=True, train_length=6, valid_length=2, validate_freq=1, window_size=12)
level number 3, level details: [[1, 1], [0, 0], [0, 0]]
Parameters of need to grad is:7.689946 M
[INFO] Register count_convNd() for <class 'torch.nn.modules.conv.Conv2d'>.
[91m[WARN] Cannot find rule for <class 'torch.nn.modules.normalization.LayerNorm'>. Treat it as zero Macs and zero Params.[00m
[91m[WARN] Cannot find rule for <class 'torch.nn.modules.loss.SmoothL1Loss'>. Treat it as zero Macs and zero Params.[00m
[91m[WARN] Cannot find rule for <class 'models.StackTWaveNetTransformerEncoder.Splitting'>. Treat it as zero Macs and zero Params.[00m
[91m[WARN] Cannot find rule for <class 'torch.nn.modules.padding.ReplicationPad1d'>. Treat it as zero Macs and zero Params.[00m
[INFO] Register count_convNd() for <class 'torch.nn.modules.conv.Conv1d'>.
[INFO] Register count_relu() for <class 'torch.nn.modules.activation.LeakyReLU'>.
[INFO] Register zero_ops() for <class 'torch.nn.modules.dropout.Dropout'>.
[91m[WARN] Cannot find rule for <class 'torch.nn.modules.activation.Tanh'>. Treat it as zero Macs and zero Params.[00m
[91m[WARN] Cannot find rule for <class 'torch.nn.modules.container.Sequential'>. Treat it as zero Macs and zero Params.[00m
[91m[WARN] Cannot find rule for <class 'models.StackTWaveNetTransformerEncoder.LiftingScheme'>. Treat it as zero Macs and zero Params.[00m
[91m[WARN] Cannot find rule for <class 'models.StackTWaveNetTransformerEncoder.LiftingSchemeLevel'>. Treat it as zero Macs and zero Params.[00m
[INFO] Register count_bn() for <class 'torch.nn.modules.batchnorm.BatchNorm1d'>.
[INFO] Register zero_ops() for <class 'torch.nn.modules.activation.ReLU'>.
[91m[WARN] Cannot find rule for <class 'models.StackTWaveNetTransformerEncoder.BottleneckBlock'>. Treat it as zero Macs and zero Params.[00m
[91m[WARN] Cannot find rule for <class 'models.StackTWaveNetTransformerEncoder.LevelWASN'>. Treat it as zero Macs and zero Params.[00m
[91m[WARN] Cannot find rule for <class 'torch.nn.modules.container.ModuleList'>. Treat it as zero Macs and zero Params.[00m
[91m[WARN] Cannot find rule for <class 'models.StackTWaveNetTransformerEncoder.EncoderTree'>. Treat it as zero Macs and zero Params.[00m
[INFO] Register count_linear() for <class 'torch.nn.modules.linear.Linear'>.
[INFO] Register count_adap_avgpool() for <class 'torch.nn.modules.pooling.AdaptiveAvgPool1d'>.
[91m[WARN] Cannot find rule for <class 'models.StackTWaveNetTransformerEncoder.WASN'>. Treat it as zero Macs and zero Params.[00m
MACs: 234.453M, Parameters: 4.172M
Total Trainable Params: 7689946
Updating learning rate to 0.0010526315789473684
| end of epoch   0 | time: 136.52s | train_total_loss 0.2480, loss_F 0.1074, loss_M 0.1405  
------ validate on data: VALIDATE ------
RAW : MAE   18.84; RMSE   29.18.
RAW-Mid : MAE   19.59; RMSE   30.10.
RAW : MAE   17.84; RMSE   27.13.
RAW-Mid : MAE   18.75; RMSE   28.35.
got best validation result: {'mae': 18.84039570762508, 'rmse': 29.179149492558587} {'mae': 17.843139090371125, 'rmse': 27.129559055970027}
Updating learning rate to 0.001
| end of epoch   1 | time: 132.22s | train_total_loss 0.1494, loss_F 0.0713, loss_M 0.0781  
------ validate on data: VALIDATE ------
RAW : MAE   18.37; RMSE   28.63.
RAW-Mid : MAE   18.45; RMSE   28.66.
RAW : MAE   17.52; RMSE   26.56.
RAW-Mid : MAE   17.71; RMSE   26.94.
got best validation result: {'mae': 18.373490473419203, 'rmse': 28.63174680813058} {'mae': 17.51559340680992, 'rmse': 26.56075894742723}
Updating learning rate to 0.001
| end of epoch   2 | time: 130.77s | train_total_loss 0.1417, loss_F 0.0684, loss_M 0.0733  
------ validate on data: VALIDATE ------
RAW : MAE   18.60; RMSE   29.29.
RAW-Mid : MAE   18.97; RMSE   29.29.
RAW : MAE   17.71; RMSE   27.13.
RAW-Mid : MAE   18.20; RMSE   27.52.
Updating learning rate to 0.001
| end of epoch   3 | time: 127.48s | train_total_loss 0.1368, loss_F 0.0658, loss_M 0.0709  
------ validate on data: VALIDATE ------
RAW : MAE   18.13; RMSE   28.76.
RAW-Mid : MAE   18.08; RMSE   28.33.
RAW : MAE   17.01; RMSE   26.11.
RAW-Mid : MAE   17.36; RMSE   26.54.
got best validation result: {'mae': 18.12862815644172, 'rmse': 28.758382513917446} {'mae': 17.00692358519921, 'rmse': 26.108101541984674}
Updating learning rate to 0.001
| end of epoch   4 | time: 128.46s | train_total_loss 0.1336, loss_F 0.0642, loss_M 0.0694  
------ validate on data: VALIDATE ------
RAW : MAE   18.69; RMSE   29.73.
RAW-Mid : MAE   18.48; RMSE   28.80.
RAW : MAE   17.58; RMSE   26.89.
RAW-Mid : MAE   17.66; RMSE   26.88.
Updating learning rate to 0.001
| end of epoch   5 | time: 130.63s | train_total_loss 0.1321, loss_F 0.0633, loss_M 0.0688  
------ validate on data: VALIDATE ------
RAW : MAE   19.01; RMSE   30.03.
RAW-Mid : MAE   18.26; RMSE   28.67.
RAW : MAE   17.93; RMSE   27.20.
RAW-Mid : MAE   17.49; RMSE   26.72.
Updating learning rate to 0.00095
| end of epoch   6 | time: 130.06s | train_total_loss 0.1307, loss_F 0.0625, loss_M 0.0682  
------ validate on data: VALIDATE ------
RAW : MAE   18.19; RMSE   28.98.
RAW-Mid : MAE   18.13; RMSE   28.44.
RAW : MAE   17.11; RMSE   26.40.
RAW-Mid : MAE   17.34; RMSE   26.56.
Updating learning rate to 0.00095
| end of epoch   7 | time: 138.97s | train_total_loss 0.1296, loss_F 0.0619, loss_M 0.0677  
------ validate on data: VALIDATE ------
RAW : MAE   18.34; RMSE   29.07.
RAW-Mid : MAE   18.18; RMSE   28.59.
RAW : MAE   17.18; RMSE   26.37.
RAW-Mid : MAE   17.42; RMSE   26.71.
Updating learning rate to 0.00095
| end of epoch   8 | time: 140.49s | train_total_loss 0.1282, loss_F 0.0612, loss_M 0.0670  
------ validate on data: VALIDATE ------
RAW : MAE   18.31; RMSE   29.24.
RAW-Mid : MAE   18.24; RMSE   28.79.
RAW : MAE   17.54; RMSE   26.85.
RAW-Mid : MAE   17.53; RMSE   26.85.
Updating learning rate to 0.00095
| end of epoch   9 | time: 137.00s | train_total_loss 0.1283, loss_F 0.0612, loss_M 0.0672  
------ validate on data: VALIDATE ------
RAW : MAE   18.33; RMSE   29.15.
RAW-Mid : MAE   18.29; RMSE   28.85.
RAW : MAE   17.66; RMSE   27.13.
RAW-Mid : MAE   17.58; RMSE   26.99.
Updating learning rate to 0.00095
| end of epoch  10 | time: 133.45s | train_total_loss 0.1274, loss_F 0.0607, loss_M 0.0667  
------ validate on data: VALIDATE ------
RAW : MAE   18.49; RMSE   29.38.
RAW-Mid : MAE   18.07; RMSE   28.62.
RAW : MAE   17.85; RMSE   27.23.
RAW-Mid : MAE   17.41; RMSE   26.80.
Updating learning rate to 0.0009025
| end of epoch  11 | time: 132.19s | train_total_loss 0.1265, loss_F 0.0602, loss_M 0.0662  
------ validate on data: VALIDATE ------
RAW : MAE   18.26; RMSE   29.12.
RAW-Mid : MAE   18.18; RMSE   28.71.
RAW : MAE   17.51; RMSE   26.83.
RAW-Mid : MAE   17.44; RMSE   26.72.
Updating learning rate to 0.0009025
| end of epoch  12 | time: 135.81s | train_total_loss 0.1258, loss_F 0.0599, loss_M 0.0659  
------ validate on data: VALIDATE ------
RAW : MAE   18.55; RMSE   29.50.
RAW-Mid : MAE   18.82; RMSE   29.56.
RAW : MAE   17.83; RMSE   27.27.
RAW-Mid : MAE   18.04; RMSE   27.44.
Updating learning rate to 0.0009025
| end of epoch  13 | time: 123.95s | train_total_loss 0.1253, loss_F 0.0596, loss_M 0.0657  
------ validate on data: VALIDATE ------
RAW : MAE   18.16; RMSE   28.93.
RAW-Mid : MAE   18.01; RMSE   28.59.
RAW : MAE   17.41; RMSE   26.67.
RAW-Mid : MAE   17.30; RMSE   26.63.
Updating learning rate to 0.0009025
| end of epoch  14 | time: 146.26s | train_total_loss 0.1250, loss_F 0.0594, loss_M 0.0656  
------ validate on data: VALIDATE ------
RAW : MAE   18.19; RMSE   28.98.
RAW-Mid : MAE   17.91; RMSE   28.47.
RAW : MAE   17.40; RMSE   26.70.
RAW-Mid : MAE   17.29; RMSE   26.60.
Updating learning rate to 0.0009025
| end of epoch  15 | time: 129.63s | train_total_loss 0.1247, loss_F 0.0592, loss_M 0.0655  
------ validate on data: VALIDATE ------
RAW : MAE   18.33; RMSE   29.33.
RAW-Mid : MAE   18.01; RMSE   28.64.
RAW : MAE   17.47; RMSE   26.85.
RAW-Mid : MAE   17.27; RMSE   26.57.
Updating learning rate to 0.000857375
| end of epoch  16 | time: 130.63s | train_total_loss 0.1246, loss_F 0.0592, loss_M 0.0654  
------ validate on data: VALIDATE ------
RAW : MAE   18.52; RMSE   29.51.
RAW-Mid : MAE   18.21; RMSE   28.88.
RAW : MAE   17.84; RMSE   27.35.
RAW-Mid : MAE   17.54; RMSE   26.95.
Updating learning rate to 0.000857375
| end of epoch  17 | time: 131.08s | train_total_loss 0.1235, loss_F 0.0586, loss_M 0.0649  
------ validate on data: VALIDATE ------
RAW : MAE   18.37; RMSE   29.23.
RAW-Mid : MAE   18.09; RMSE   28.70.
RAW : MAE   17.52; RMSE   26.81.
RAW-Mid : MAE   17.29; RMSE   26.55.
Updating learning rate to 0.000857375
| end of epoch  18 | time: 131.59s | train_total_loss 0.1234, loss_F 0.0586, loss_M 0.0648  
------ validate on data: VALIDATE ------
RAW : MAE   18.80; RMSE   30.13.
RAW-Mid : MAE   18.52; RMSE   29.38.
RAW : MAE   18.05; RMSE   27.60.
RAW-Mid : MAE   17.77; RMSE   27.12.
Updating learning rate to 0.000857375
| end of epoch  19 | time: 143.64s | train_total_loss 0.1233, loss_F 0.0585, loss_M 0.0648  
------ validate on data: VALIDATE ------
RAW : MAE   18.89; RMSE   30.13.
RAW-Mid : MAE   18.46; RMSE   29.38.
RAW : MAE   17.83; RMSE   27.37.
RAW-Mid : MAE   17.63; RMSE   27.08.
Updating learning rate to 0.000857375
| end of epoch  20 | time: 129.01s | train_total_loss 0.1231, loss_F 0.0583, loss_M 0.0647  
------ validate on data: VALIDATE ------
RAW : MAE   18.55; RMSE   29.52.
RAW-Mid : MAE   18.35; RMSE   29.05.
RAW : MAE   17.89; RMSE   27.27.
RAW-Mid : MAE   17.57; RMSE   26.87.
Updating learning rate to 0.0008145062499999999
| end of epoch  21 | time: 137.92s | train_total_loss 0.1223, loss_F 0.0580, loss_M 0.0643  
------ validate on data: VALIDATE ------
RAW : MAE   18.41; RMSE   29.49.
RAW-Mid : MAE   18.35; RMSE   29.22.
RAW : MAE   17.41; RMSE   26.83.
RAW-Mid : MAE   17.40; RMSE   26.71.
Updating learning rate to 0.0008145062499999999
| end of epoch  22 | time: 129.25s | train_total_loss 0.1218, loss_F 0.0577, loss_M 0.0641  
------ validate on data: VALIDATE ------
RAW : MAE   18.57; RMSE   29.79.
RAW-Mid : MAE   18.58; RMSE   29.47.
RAW : MAE   17.56; RMSE   27.01.
RAW-Mid : MAE   17.67; RMSE   27.07.
Updating learning rate to 0.0008145062499999999
| end of epoch  23 | time: 139.22s | train_total_loss 0.1220, loss_F 0.0578, loss_M 0.0642  
------ validate on data: VALIDATE ------
RAW : MAE   18.45; RMSE   29.60.
RAW-Mid : MAE   18.39; RMSE   29.21.
RAW : MAE   17.71; RMSE   27.20.
RAW-Mid : MAE   17.57; RMSE   26.99.
Updating learning rate to 0.0008145062499999999
| end of epoch  24 | time: 132.59s | train_total_loss 0.1218, loss_F 0.0577, loss_M 0.0641  
------ validate on data: VALIDATE ------
RAW : MAE   18.67; RMSE   29.78.
RAW-Mid : MAE   18.44; RMSE   29.31.
RAW : MAE   17.89; RMSE   27.20.
RAW-Mid : MAE   17.58; RMSE   26.97.
Updating learning rate to 0.0008145062499999999
| end of epoch  25 | time: 131.61s | train_total_loss 0.1214, loss_F 0.0575, loss_M 0.0639  
------ validate on data: VALIDATE ------
RAW : MAE   18.68; RMSE   29.88.
RAW-Mid : MAE   18.65; RMSE   29.55.
RAW : MAE   18.00; RMSE   27.50.
RAW-Mid : MAE   17.82; RMSE   27.27.
Updating learning rate to 0.0007737809374999998
| end of epoch  26 | time: 133.16s | train_total_loss 0.1209, loss_F 0.0572, loss_M 0.0637  
------ validate on data: VALIDATE ------
RAW : MAE   18.87; RMSE   30.38.
RAW-Mid : MAE   18.59; RMSE   29.49.
RAW : MAE   17.74; RMSE   27.20.
RAW-Mid : MAE   17.64; RMSE   27.05.
Updating learning rate to 0.0007737809374999998
| end of epoch  27 | time: 135.17s | train_total_loss 0.1207, loss_F 0.0571, loss_M 0.0636  
------ validate on data: VALIDATE ------
RAW : MAE   18.80; RMSE   30.29.
RAW-Mid : MAE   18.59; RMSE   29.55.
RAW : MAE   17.77; RMSE   27.41.
RAW-Mid : MAE   17.50; RMSE   26.88.
Updating learning rate to 0.0007737809374999998
| end of epoch  28 | time: 127.61s | train_total_loss 0.1208, loss_F 0.0572, loss_M 0.0637  
------ validate on data: VALIDATE ------
RAW : MAE   19.22; RMSE   30.85.
RAW-Mid : MAE   18.75; RMSE   29.76.
RAW : MAE   18.05; RMSE   27.73.
RAW-Mid : MAE   17.58; RMSE   26.98.
Updating learning rate to 0.0007737809374999998
| end of epoch  29 | time: 138.93s | train_total_loss 0.1203, loss_F 0.0569, loss_M 0.0634  
------ validate on data: VALIDATE ------
RAW : MAE   18.80; RMSE   30.34.
RAW-Mid : MAE   18.79; RMSE   29.90.
RAW : MAE   17.95; RMSE   27.60.
RAW-Mid : MAE   17.98; RMSE   27.47.
Updating learning rate to 0.0007737809374999998
| end of epoch  30 | time: 134.99s | train_total_loss 0.1205, loss_F 0.0570, loss_M 0.0636  
------ validate on data: VALIDATE ------
RAW : MAE   18.59; RMSE   29.96.
RAW-Mid : MAE   18.49; RMSE   29.40.
RAW : MAE   17.25; RMSE   26.75.
RAW-Mid : MAE   17.41; RMSE   26.76.
Updating learning rate to 0.0007350918906249999
| end of epoch  31 | time: 126.20s | train_total_loss 0.1198, loss_F 0.0566, loss_M 0.0632  
------ validate on data: VALIDATE ------
RAW : MAE   18.58; RMSE   29.83.
RAW-Mid : MAE   18.34; RMSE   29.13.
RAW : MAE   17.76; RMSE   27.29.
RAW-Mid : MAE   17.60; RMSE   27.09.
Updating learning rate to 0.0007350918906249999
| end of epoch  32 | time: 133.07s | train_total_loss 0.1196, loss_F 0.0565, loss_M 0.0631  
------ validate on data: VALIDATE ------
RAW : MAE   18.45; RMSE   29.79.
RAW-Mid : MAE   18.32; RMSE   29.21.
RAW : MAE   17.34; RMSE   26.89.
RAW-Mid : MAE   17.36; RMSE   26.79.
Updating learning rate to 0.0007350918906249999
| end of epoch  33 | time: 127.41s | train_total_loss 0.1195, loss_F 0.0565, loss_M 0.0631  
------ validate on data: VALIDATE ------
RAW : MAE   18.79; RMSE   30.06.
RAW-Mid : MAE   18.50; RMSE   29.34.
RAW : MAE   18.05; RMSE   27.66.
RAW-Mid : MAE   17.59; RMSE   26.95.
Updating learning rate to 0.0007350918906249999
| end of epoch  34 | time: 140.78s | train_total_loss 0.1192, loss_F 0.0563, loss_M 0.0629  
------ validate on data: VALIDATE ------
RAW : MAE   19.01; RMSE   30.41.
RAW-Mid : MAE   19.14; RMSE   30.26.
RAW : MAE   18.23; RMSE   27.78.
RAW-Mid : MAE   18.21; RMSE   27.72.
Updating learning rate to 0.0007350918906249999
| end of epoch  35 | time: 145.20s | train_total_loss 0.1190, loss_F 0.0563, loss_M 0.0628  
------ validate on data: VALIDATE ------
RAW : MAE   18.45; RMSE   29.71.
RAW-Mid : MAE   18.41; RMSE   29.31.
RAW : MAE   17.53; RMSE   27.04.
RAW-Mid : MAE   17.40; RMSE   26.77.
Updating learning rate to 0.0006983372960937497
| end of epoch  36 | time: 130.75s | train_total_loss 0.1185, loss_F 0.0559, loss_M 0.0626  
------ validate on data: VALIDATE ------
RAW : MAE   18.71; RMSE   30.31.
RAW-Mid : MAE   18.75; RMSE   29.90.
RAW : MAE   17.75; RMSE   27.44.
RAW-Mid : MAE   17.61; RMSE   27.11.
Updating learning rate to 0.0006983372960937497
| end of epoch  37 | time: 141.51s | train_total_loss 0.1184, loss_F 0.0559, loss_M 0.0625  
------ validate on data: VALIDATE ------
RAW : MAE   18.70; RMSE   30.31.
RAW-Mid : MAE   18.55; RMSE   29.58.
RAW : MAE   17.59; RMSE   27.26.
RAW-Mid : MAE   17.47; RMSE   26.91.
Updating learning rate to 0.0006983372960937497
| end of epoch  38 | time: 127.78s | train_total_loss 0.1185, loss_F 0.0560, loss_M 0.0625  
------ validate on data: VALIDATE ------
RAW : MAE   18.81; RMSE   30.35.
RAW-Mid : MAE   18.90; RMSE   30.04.
RAW : MAE   18.00; RMSE   27.66.
RAW-Mid : MAE   18.00; RMSE   27.58.
Updating learning rate to 0.0006983372960937497
| end of epoch  39 | time: 129.61s | train_total_loss 0.1183, loss_F 0.0559, loss_M 0.0624  
------ validate on data: VALIDATE ------
RAW : MAE   18.89; RMSE   30.46.
RAW-Mid : MAE   18.98; RMSE   30.15.
RAW : MAE   17.75; RMSE   27.41.
RAW-Mid : MAE   17.92; RMSE   27.54.
Updating learning rate to 0.0006983372960937497
| end of epoch  40 | time: 128.54s | train_total_loss 0.1184, loss_F 0.0559, loss_M 0.0625  
------ validate on data: VALIDATE ------
RAW : MAE   19.19; RMSE   30.98.
RAW-Mid : MAE   19.03; RMSE   30.25.
RAW : MAE   18.05; RMSE   27.79.
RAW-Mid : MAE   18.07; RMSE   27.74.
Updating learning rate to 0.0006634204312890623
| end of epoch  41 | time: 133.64s | train_total_loss 0.1176, loss_F 0.0556, loss_M 0.0621  
------ validate on data: VALIDATE ------
RAW : MAE   18.68; RMSE   30.29.
RAW-Mid : MAE   18.62; RMSE   29.77.
RAW : MAE   17.76; RMSE   27.51.
RAW-Mid : MAE   17.70; RMSE   27.25.
Updating learning rate to 0.0006634204312890623
| end of epoch  42 | time: 149.74s | train_total_loss 0.1176, loss_F 0.0555, loss_M 0.0621  
------ validate on data: VALIDATE ------
RAW : MAE   18.79; RMSE   30.48.
RAW-Mid : MAE   18.65; RMSE   29.72.
RAW : MAE   17.77; RMSE   27.45.
RAW-Mid : MAE   17.67; RMSE   27.15.
Updating learning rate to 0.0006634204312890623
| end of epoch  43 | time: 139.94s | train_total_loss 0.1175, loss_F 0.0555, loss_M 0.0620  
------ validate on data: VALIDATE ------
RAW : MAE   18.77; RMSE   30.26.
RAW-Mid : MAE   18.72; RMSE   29.77.
RAW : MAE   17.90; RMSE   27.56.
RAW-Mid : MAE   17.75; RMSE   27.27.
Updating learning rate to 0.0006634204312890623
| end of epoch  44 | time: 135.07s | train_total_loss 0.1175, loss_F 0.0555, loss_M 0.0620  
------ validate on data: VALIDATE ------
RAW : MAE   18.47; RMSE   29.88.
RAW-Mid : MAE   18.54; RMSE   29.58.
RAW : MAE   17.39; RMSE   26.94.
RAW-Mid : MAE   17.52; RMSE   27.00.
Updating learning rate to 0.0006634204312890623
| end of epoch  45 | time: 134.28s | train_total_loss 0.1173, loss_F 0.0554, loss_M 0.0620  
------ validate on data: VALIDATE ------
RAW : MAE   18.69; RMSE   30.34.
RAW-Mid : MAE   18.69; RMSE   29.88.
RAW : MAE   17.69; RMSE   27.37.
RAW-Mid : MAE   17.66; RMSE   27.19.
Updating learning rate to 0.0006302494097246091
| end of epoch  46 | time: 130.75s | train_total_loss 0.1169, loss_F 0.0552, loss_M 0.0617  
------ validate on data: VALIDATE ------
RAW : MAE   18.66; RMSE   30.25.
RAW-Mid : MAE   18.70; RMSE   29.84.
RAW : MAE   17.54; RMSE   27.05.
RAW-Mid : MAE   17.66; RMSE   27.08.
Updating learning rate to 0.0006302494097246091
| end of epoch  47 | time: 133.40s | train_total_loss 0.1165, loss_F 0.0550, loss_M 0.0616  
------ validate on data: VALIDATE ------
RAW : MAE   18.62; RMSE   30.15.
RAW-Mid : MAE   18.64; RMSE   29.75.
RAW : MAE   17.75; RMSE   27.42.
RAW-Mid : MAE   17.66; RMSE   27.17.
Updating learning rate to 0.0006302494097246091
| end of epoch  48 | time: 133.13s | train_total_loss 0.1166, loss_F 0.0550, loss_M 0.0616  
------ validate on data: VALIDATE ------
RAW : MAE   18.69; RMSE   30.26.
RAW-Mid : MAE   18.75; RMSE   29.92.
RAW : MAE   17.84; RMSE   27.44.
RAW-Mid : MAE   17.76; RMSE   27.20.
Updating learning rate to 0.0006302494097246091
| end of epoch  49 | time: 133.00s | train_total_loss 0.1166, loss_F 0.0550, loss_M 0.0616  
------ validate on data: VALIDATE ------
RAW : MAE   18.74; RMSE   30.26.
RAW-Mid : MAE   18.54; RMSE   29.71.
RAW : MAE   17.59; RMSE   27.20.
RAW-Mid : MAE   17.44; RMSE   26.96.
Updating learning rate to 0.0006302494097246091
| end of epoch  50 | time: 136.46s | train_total_loss 0.1163, loss_F 0.0549, loss_M 0.0615  
------ validate on data: VALIDATE ------
RAW : MAE   18.83; RMSE   30.55.
RAW-Mid : MAE   19.02; RMSE   30.44.
RAW : MAE   17.84; RMSE   27.52.
RAW-Mid : MAE   17.75; RMSE   27.26.
Updating learning rate to 0.0005987369392383787
| end of epoch  51 | time: 129.24s | train_total_loss 0.1161, loss_F 0.0547, loss_M 0.0614  
------ validate on data: VALIDATE ------
RAW : MAE   18.59; RMSE   30.16.
RAW-Mid : MAE   18.67; RMSE   29.93.
RAW : MAE   17.56; RMSE   27.09.
RAW-Mid : MAE   17.40; RMSE   26.85.
Updating learning rate to 0.0005987369392383787
| end of epoch  52 | time: 131.28s | train_total_loss 0.1159, loss_F 0.0547, loss_M 0.0613  
------ validate on data: VALIDATE ------
RAW : MAE   18.59; RMSE   30.14.
RAW-Mid : MAE   18.74; RMSE   29.97.
RAW : MAE   17.86; RMSE   27.57.
RAW-Mid : MAE   17.55; RMSE   27.06.
Updating learning rate to 0.0005987369392383787
| end of epoch  53 | time: 139.39s | train_total_loss 0.1158, loss_F 0.0546, loss_M 0.0612  
------ validate on data: VALIDATE ------
RAW : MAE   18.51; RMSE   30.10.
RAW-Mid : MAE   18.77; RMSE   30.06.
RAW : MAE   17.66; RMSE   27.34.
RAW-Mid : MAE   17.59; RMSE   27.12.
Updating learning rate to 0.0005987369392383787
| end of epoch  54 | time: 129.14s | train_total_loss 0.1157, loss_F 0.0546, loss_M 0.0612  
------ validate on data: VALIDATE ------
RAW : MAE   18.56; RMSE   30.09.
RAW-Mid : MAE   18.64; RMSE   29.77.
RAW : MAE   17.66; RMSE   27.28.
RAW-Mid : MAE   17.69; RMSE   27.21.
Updating learning rate to 0.0005987369392383787
| end of epoch  55 | time: 128.28s | train_total_loss 0.1158, loss_F 0.0546, loss_M 0.0612  
------ validate on data: VALIDATE ------
RAW : MAE   18.77; RMSE   30.42.
RAW-Mid : MAE   18.86; RMSE   30.17.
RAW : MAE   17.91; RMSE   27.66.
RAW-Mid : MAE   17.81; RMSE   27.40.
Updating learning rate to 0.0005688000922764596
| end of epoch  56 | time: 132.00s | train_total_loss 0.1153, loss_F 0.0544, loss_M 0.0610  
------ validate on data: VALIDATE ------
RAW : MAE   18.59; RMSE   30.14.
RAW-Mid : MAE   18.70; RMSE   29.89.
RAW : MAE   17.57; RMSE   27.18.
RAW-Mid : MAE   17.61; RMSE   27.11.
Updating learning rate to 0.0005688000922764596
| end of epoch  57 | time: 137.70s | train_total_loss 0.1153, loss_F 0.0544, loss_M 0.0610  
------ validate on data: VALIDATE ------
RAW : MAE   18.69; RMSE   30.42.
RAW-Mid : MAE   18.79; RMSE   30.15.
RAW : MAE   17.51; RMSE   27.23.
RAW-Mid : MAE   17.46; RMSE   27.04.
Updating learning rate to 0.0005688000922764596
| end of epoch  58 | time: 129.16s | train_total_loss 0.1153, loss_F 0.0543, loss_M 0.0609  
------ validate on data: VALIDATE ------
RAW : MAE   18.72; RMSE   30.46.
RAW-Mid : MAE   18.81; RMSE   30.17.
RAW : MAE   17.79; RMSE   27.54.
RAW-Mid : MAE   17.62; RMSE   27.23.
Updating learning rate to 0.0005688000922764596
| end of epoch  59 | time: 133.37s | train_total_loss 0.1150, loss_F 0.0542, loss_M 0.0608  
------ validate on data: VALIDATE ------
RAW : MAE   18.58; RMSE   30.06.
RAW-Mid : MAE   18.68; RMSE   29.85.
RAW : MAE   17.77; RMSE   27.35.
RAW-Mid : MAE   17.54; RMSE   27.04.
Training took 156.47984236478806 minutes
